Clic sur le bouton Demarrer Traitements
Traitement 1 SelectedTraitement 1 SelectedTraitement 3 SelectedENTRER FILS 3
ENTRER FILS 1
ENTRER FILS 1
(Traitement 19209) Connection a la BD
(Traitement 19208) Connection a la BD
(Traitement 19207) Connection a la BD
(Traitement 19209) Armement du signal SIGALRM
(Traitement 19208) Armement du signal SIGALRM
(Traitement 19207) Armement du signal SIGALRM
(Traitement 19209) Reception du signal SIGALRM (14)
(Traitement 19208) Reception du signal SIGALRM (14)
(Traitement 19207) Reception du signal SIGALRM (14)
(Traitement 19209) Reception du signal SIGALRM (14)
(Traitement 19208) Reception du signal SIGALRM (14)
(Traitement 19207) Reception du signal SIGALRM (14)
(Traitement 19209) Reception du signal SIGALRM (14)
(Traitement 19208) Reception du signal SIGALRM (14)
(Traitement 19207) Reception du signal SIGALRM (14)
Clic sur le bouton Annuler2
Traitement 19208) signal SIGUSR1(10) Recus: fin du processus 
signal sigCHILD recus(Traitement 19209) Reception du signal SIGALRM (14)
(Traitement 19207) Reception du signal SIGALRM (14)
(Traitement 19209) Reception du signal SIGALRM (14)
(Traitement 19207) Reception du signal SIGALRM (14)
(Traitement 19209) Reception du signal SIGALRM (14)
(Traitement 19207) Reception du signal SIGALRM (14)
(Traitement 19209) Reception du signal SIGALRM (14)
(Traitement 19207) Reception du signal SIGALRM (14)
signal sigCHILD recus(Traitement 19207) Reception du signal SIGALRM (14)
(Traitement 19207) Reception du signal SIGALRM (14)
signal sigCHILD recusClic sur le bouton Vider
Clic sur le bouton Quitter
Clic sur le bouton Quitter
Clic sur le bouton Quitter
Clic sur le bouton Quitter
Clic sur le bouton Quitter
Clic sur le bouton Quitter
Clic sur le bouton Quitter
